<?xml version="1.0" encoding="UTF-8"?>
<testsuite xmlns:xsi="http://www.w3.org/2001/XMLSchema-instance" xsi:noNamespaceSchemaLocation="https://maven.apache.org/surefire/maven-failsafe-plugin/xsd/failsafe-test-report-3.0.xsd" version="3.0" name="com.carguide.au.test.Runner" time="29.218" tests="2" errors="0" skipped="0" failures="0">
  <properties>
[...]
</properties>
  <testcase name="1-User able to sign up by entering all the mandatory field #1" classname="This feature is for sign up functionality for CarGuide.au app" time="16.488">
    <system-out><![CDATA[11:36:01.436 [main] DEBUG io.github.bonigarcia.wdm.cache.ResolutionCache - Resolution chrome=89 in cache (valid until 11:58:13 21/03/2021 EDT)
11:36:01.444 [main] DEBUG io.github.bonigarcia.wdm.cache.ResolutionCache - Resolution chrome89=89.0.4389.23 in cache (valid until 10:58:13 22/03/2021 EDT)
11:36:01.444 [main] INFO io.github.bonigarcia.wdm.WebDriverManager - Using chromedriver 89.0.4389.23 (resolved driver for Chrome 89)
11:36:01.479 [main] DEBUG io.github.bonigarcia.wdm.WebDriverManager - Driver chromedriver 89.0.4389.23 found in cache
11:36:01.482 [main] INFO io.github.bonigarcia.wdm.WebDriverManager - Exporting webdriver.chrome.driver as C:\Users\bsemr\.cache\selenium\chromedriver\win32\89.0.4389.23\chromedriver.exe
Landing on home page
SIGN UP COMPLETED 
]]></system-out>
    <system-err><![CDATA[Starting ChromeDriver 89.0.4389.23 (61b08ee2c50024bab004e48d2b1b083cdbdac579-refs/branch-heads/4389@{#294}) on port 18419
Only local connections are allowed.
Please see https://chromedriver.chromium.org/security-considerations for suggestions on keeping ChromeDriver safe.
ChromeDriver was started successfully.
Mar 21, 2021 11:36:03 AM org.openqa.selenium.remote.ProtocolHandshake createSession
INFO: Detected dialect: W3C
]]></system-err>
  </testcase>
  <testcase name="1-User able to sign up by entering all the mandatory field #2" classname="This feature is for sign up functionality for CarGuide.au app" time="12.069">
    <system-out><![CDATA[11:36:16.975 [main] DEBUG io.github.bonigarcia.wdm.cache.ResolutionCache - Resolution chrome=89 in cache (valid until 11:58:13 21/03/2021 EDT)
11:36:16.977 [main] DEBUG io.github.bonigarcia.wdm.cache.ResolutionCache - Resolution chrome89=89.0.4389.23 in cache (valid until 10:58:13 22/03/2021 EDT)
11:36:16.977 [main] INFO io.github.bonigarcia.wdm.WebDriverManager - Using chromedriver 89.0.4389.23 (resolved driver for Chrome 89)
11:36:16.996 [main] DEBUG io.github.bonigarcia.wdm.WebDriverManager - Driver chromedriver 89.0.4389.23 found in cache
11:36:16.998 [main] INFO io.github.bonigarcia.wdm.WebDriverManager - Exporting webdriver.chrome.driver as C:\Users\bsemr\.cache\selenium\chromedriver\win32\89.0.4389.23\chromedriver.exe
Landing on home page
SIGN UP COMPLETED 
]]></system-out>
    <system-err><![CDATA[Starting ChromeDriver 89.0.4389.23 (61b08ee2c50024bab004e48d2b1b083cdbdac579-refs/branch-heads/4389@{#294}) on port 42097
Only local connections are allowed.
Please see https://chromedriver.chromium.org/security-considerations for suggestions on keeping ChromeDriver safe.
ChromeDriver was started successfully.
Mar 21, 2021 11:36:18 AM org.openqa.selenium.remote.ProtocolHandshake createSession
INFO: Detected dialect: W3C
]]></system-err>
  </testcase>
</testsuite>